[17:09:56] [main/INFO]: Loading Minecraft 1.21 with Fabric Loader 0.15.11
[17:09:56] [main/INFO]: Loading 59 mods:
	- fabric-api 0.100.6+1.21
	   |-- fabric-api-base 0.4.42+6573ed8cd1
	   |-- fabric-api-lookup-api-v1 1.6.67+b5597344d1
	   |-- fabric-biome-api-v1 13.0.28+6fc22b99d1
	   |-- fabric-block-api-v1 1.0.22+0af3f5a7d1
	   |-- fabric-block-view-api-v2 1.0.10+6573ed8cd1
	   |-- fabric-blockrenderlayer-v1 1.1.52+0af3f5a7d1
	   |-- fabric-client-tags-api-v1 1.1.15+6573ed8cd1
	   |-- fabric-command-api-v1 1.2.49+f71b366fd1
	   |-- fabric-command-api-v2 2.2.28+6ced4dd9d1
	   |-- fabric-commands-v0 0.2.66+df3654b3d1
	   |-- fabric-content-registries-v0 8.0.14+b5597344d1
	   |-- fabric-convention-tags-v1 2.0.17+7f945d5bd1
	   |-- fabric-convention-tags-v2 2.4.1+86024ea6d1
	   |-- fabric-crash-report-info-v1 0.2.29+0af3f5a7d1
	   |-- fabric-data-attachment-api-v1 1.1.24+6a6dfa19d1
	   |-- fabric-data-generation-api-v1 20.2.11+16c4ae25d1
	   |-- fabric-dimensions-v1 4.0.0+6fc22b99d1
	   |-- fabric-entity-events-v1 1.6.12+6fc22b99d1
	   |-- fabric-events-interaction-v0 0.7.10+e633f883d1
	   |-- fabric-game-rule-api-v1 1.0.53+6ced4dd9d1
	   |-- fabric-item-api-v1 11.0.0+afdfc921d1
	   |-- fabric-item-group-api-v1 4.1.2+78017270d1
	   |-- fabric-key-binding-api-v1 1.0.47+0af3f5a7d1
	   |-- fabric-keybindings-v0 0.2.45+df3654b3d1
	   |-- fabric-lifecycle-events-v1 2.3.11+8f3583aed1
	   |-- fabric-loot-api-v2 3.0.12+3f89f5a5d1
	   |-- fabric-loot-api-v3 1.0.0+3f89f5a5d1
	   |-- fabric-message-api-v1 6.0.13+6573ed8cd1
	   |-- fabric-model-loading-api-v1 2.0.0+fe474d6bd1
	   |-- fabric-networking-api-v1 4.2.0+ab7edbacd1
	   |-- fabric-object-builder-api-v1 15.1.12+d1321076d1
	   |-- fabric-particles-v1 4.0.2+6573ed8cd1
	   |-- fabric-recipe-api-v1 5.0.10+65089712d1
	   |-- fabric-registry-sync-v0 5.0.24+6ced4dd9d1
	   |-- fabric-renderer-api-v1 3.3.0+0ae0b97dd1
	   |-- fabric-renderer-indigo 1.6.5+48fb1586d1
	   |-- fabric-renderer-registries-v1 3.2.67+df3654b3d1
	   |-- fabric-rendering-data-attachment-v1 0.3.48+73761d2ed1
	   |-- fabric-rendering-fluids-v1 3.1.6+b5597344d1
	   |-- fabric-rendering-v0 1.1.70+df3654b3d1
	   |-- fabric-rendering-v1 5.0.4+5a8c785ed1
	   |-- fabric-resource-conditions-api-v1 4.2.1+d153f344d1
	   |-- fabric-resource-loader-v0 1.1.5+78017270d1
	   |-- fabric-screen-api-v1 2.0.24+b5597344d1
	   |-- fabric-screen-handler-api-v1 1.3.81+b5597344d1
	   |-- fabric-sound-api-v1 1.0.23+6573ed8cd1
	   |-- fabric-transfer-api-v1 5.1.15+3dccd343d1
	   \-- fabric-transitive-access-wideners-v1 6.0.12+6573ed8cd1
	- fabric-language-kotlin 1.11.0+kotlin.2.0.0
	   |-- org_jetbrains_kotlin_kotlin-reflect 2.0.0
	   |-- org_jetbrains_kotlin_kotlin-stdlib 2.0.0
	   |-- org_jetbrains_kotlin_kotlin-stdlib-jdk7 2.0.0
	   |-- org_jetbrains_kotlin_kotlin-stdlib-jdk8 2.0.0
	   |-- org_jetbrains_kotlinx_atomicfu-jvm 0.24.0
	   |-- org_jetbrains_kotlinx_kotlinx-coroutines-core-jvm 1.8.1
	   |-- org_jetbrains_kotlinx_kotlinx-coroutines-jdk8 1.8.1
	   |-- org_jetbrains_kotlinx_kotlinx-datetime-jvm 0.6.0
	   |-- org_jetbrains_kotlinx_kotlinx-serialization-cbor-jvm 1.6.3
	   |-- org_jetbrains_kotlinx_kotlinx-serialization-core-jvm 1.6.3
	   \-- org_jetbrains_kotlinx_kotlinx-serialization-json-jvm 1.6.3
	- fabricloader 0.15.11
	   \-- mixinextras 0.3.5
	- java 22
	- ledger 1.3.4
	   |-- fabric-permissions-api-v0 0.3.1
	   \-- server_translations_api 2.3.1+1.21-pre2
	        \-- packet_tweaker 0.5.1+24w03b
	- lithium 0.12.7
	- minecraft 1.21
	- multiworldborders 1.6.4-fabric-1.20.5-rc2
[17:09:57] [main/INFO]: SpongePowered MIXIN Subsystem Version=0.8.5 Source=file:/Users/adam/Downloads/BestSMPEverTemplate/libraries/net/fabricmc/sponge-mixin/0.13.3+mixin.0.8.5/sponge-mixin-0.13.3+mixin.0.8.5.jar Service=Knot/Fabric Env=SERVER
[17:09:57] [main/INFO]: Compatibility level set to JAVA_17
[17:09:57] [main/INFO]: Loaded configuration file for Lithium: 138 options available, 0 override(s) found
[17:09:57] [main/INFO]: Initializing MixinExtras via com.llamalad7.mixinextras.service.MixinExtrasServiceImpl(version=0.3.5).
[17:10:03] [main/INFO]: Initializing Ledger 1.3.4
[17:10:03] [main/INFO]: Environment: Environment[sessionHost=https://sessionserver.mojang.com, servicesHost=https://api.minecraftservices.com, name=PROD]
[17:10:04] [main/INFO]: Loaded 1290 recipes
[17:10:04] [main/INFO]: Loaded 1399 advancements
[17:10:04] [ForkJoinPool.commonPool-worker-1/INFO]: Loaded 52 translation keys
[17:10:04] [main/INFO]: Applied 0 biome modifications to 0 of 64 new biomes in 576.8 μs
[17:10:04] [Server thread/INFO]: Preparing create tables statements took 7ms
[17:10:04] [Server thread/INFO]: Executing create tables statements took 4ms
[17:10:04] [Server thread/INFO]: Extracting table columns took 2ms
[17:10:04] [Server thread/INFO]: Extracting primary keys took 58ms
[17:10:04] [Server thread/INFO]: Preparing alter table statements took 60ms
[17:10:04] [Server thread/INFO]: Executing alter table statements took 1ms
[17:10:05] [Server thread/INFO]: Index on table 'players' differs only in name: in db players_player_id -> in mapping players_player_id_unique
[17:10:05] [Server thread/INFO]: Index on table 'ActionIdentifiers' differs only in name: in db ActionIdentifiers_action_identifier -> in mapping ActionIdentifiers_action_identifier_unique
[17:10:05] [Server thread/INFO]: Index on table 'ObjectIdentifiers' differs only in name: in db ObjectIdentifiers_identifier -> in mapping ObjectIdentifiers_identifier_unique
[17:10:05] [Server thread/INFO]: Index on table 'sources' differs only in name: in db sources_name -> in mapping sources_name_unique
[17:10:05] [Server thread/INFO]: Index on table 'worlds' differs only in name: in db worlds_identifier -> in mapping worlds_identifier_unique
[17:10:05] [Server thread/INFO]: Checking mapping consistence took 64ms
[17:10:05] [Server thread/INFO]: Tables created
[17:10:05] [Server thread/INFO]: Starting minecraft server version 1.21
[17:10:05] [Server thread/INFO]: Loading properties
[17:10:05] [DefaultDispatcher-worker-1/INFO]: Inserting 1582 registry keys into the database...
[17:10:05] [Server thread/INFO]: Default game type: SURVIVAL
[17:10:05] [Server thread/INFO]: Generating keypair
[17:10:05] [Server thread/INFO]: Starting Minecraft server on *:25565
[17:10:05] [Server thread/INFO]: Using default channel type
[17:10:05] [Server thread/INFO]: Preparing level "world"
[17:10:05] [Server thread/INFO]: Preparing start region for dimension minecraft:overworld
[17:10:06] [Worker-Main-5/INFO]: Preparing spawn area: 0%
[17:10:06] [DefaultDispatcher-worker-20/INFO]: Registry insert complete
[17:10:06] [Server thread/INFO]: Time elapsed: 225 ms
[17:10:06] [Server thread/INFO]: Done (0.932s)! For help, type "help"
